2020-07-18 10:43:00,605:INFO main (StartupInfoLogger.java:55) - Starting UnionpayApplication v2 on hecs-x-xlarge-2-linux-20200618093731 with PID 24669 (/home/unionpay/unionpay-2.jar started by root in /home/unionpay)
2020-07-18 10:43:00,608:INFO main (SpringApplication.java:655) - The following profiles are active: database-prod,server
2020-07-18 10:43:34,770:INFO main (StartupInfoLogger.java:55) - Starting UnionpayApplication v2 on hecs-x-xlarge-2-linux-20200618093731 with PID 24869 (/home/unionpay/unionpay-2.jar started by root in /home/unionpay)
2020-07-18 10:43:34,772:INFO main (SpringApplication.java:655) - The following profiles are active: database-prod,server
2020-07-18 10:43:37,110:INFO main (StartupInfoLogger.java:61) - Started UnionpayApplication in 2.644 seconds (JVM running for 3.292)
2020-07-18 10:44:12,941:INFO http-nio-9445-exec-1 (IPInterceptor.java:30) - USER IP ADDRESS IS =>42.236.243.164
2020-07-18 10:44:13,263:INFO http-nio-9445-exec-1 (SecurePayController.java:35) - -----------------------开始进入SecurePay 消费接口-----------------------
2020-07-18 10:44:13,269:INFO http-nio-9445-exec-1 (SecurePayServiceImpl.java:38) - -----------------------开始进行SecurePay业务处理-----------------------
2020-07-18 10:44:13,269:INFO http-nio-9445-exec-1 (SecurePayServiceImpl.java:41) - -----------------------开始获取参数-----------------------
2020-07-18 10:44:13,292:INFO http-nio-9445-exec-1 (SecurePayServiceImpl.java:46) - -----------------------取商户号-----------------------
2020-07-18 10:44:13,349:INFO http-nio-9445-exec-1 (SecurePayServiceImpl.java:53) - -----------------------获取报文必要字段-----------------------
2020-07-18 10:44:13,379:INFO http-nio-9445-exec-1 (SecurePayServiceImpl.java:70) - -----------------------开始登记unpy_logs表-----------------------
2020-07-18 10:44:13,412:INFO http-nio-9445-exec-1 (SecurePayServiceImpl.java:83) - -----------------------登记unpy_logs表成功-----------------------
2020-07-18 10:44:13,412:INFO http-nio-9445-exec-1 (SecurePayServiceImpl.java:86) - -----------------------组装报文-----------------------
2020-07-18 10:44:13,413:INFO http-nio-9445-exec-1 (SecurePayServiceImpl.java:150) - -----------------------对报文进行签名-----------------------
2020-07-18 10:44:13,658:INFO http-nio-9445-exec-1 (SecurePayServiceImpl.java:155) - -----------------------开始登记unpy_tran表-----------------------
2020-07-18 10:44:13,694:INFO http-nio-9445-exec-1 (SecurePayServiceImpl.java:172) - -----------------------登记unpy_tran表成功-----------------------
2020-07-18 10:44:13,694:INFO http-nio-9445-exec-1 (SecurePayServiceImpl.java:176) - -----------------------请求银联，等待重定向-----------------------
2020-07-18 10:44:13,694:INFO http-nio-9445-exec-1 (SecurePayUtil.java:148) - -----------------------开始 打印Map-----------------------

2020-07-18 10:44:13,694:INFO http-nio-9445-exec-1 (SecurePayUtil.java:150) - {"bizType":"000201","txnSubType":"01","orderId":"1234567896632","backUrl":"http://121.36.85.118:9445/backRcvResponse","signature":"UNHEh5YybempfWA8YnN25CkTyrurGhJ6Ev5icgc1JR2UInLDhdFkONwzMy1daAC2QHbknetEPS/UCAgHyNDFH+1cY808PM26l4w+M/FuFtTrXPOW2mj0Wu6ABzIysg3hMEy2Tkh0lXpFjNPEGHQebk3ImCTPNld90Rve456Ax1wJP2ahd8Rn8CiuMUXK+2jcSAQNuhFevLV6NLGqH9Bt2rqKldcKswLuoEoM/CEF8VPzE2VkJDpxucGr1i8ugZd41CI83ENwovCdjM+6kwDZ+Hde3Koo8Lhy/vDiSZ0GKS6RVpHhWhPg3ZE9ScGIWOTmHO9jGaaq+4TQwOn4RPNxDg==","txnType":"01","channelType":"07","frontUrl":"http://121.36.85.118:9445/frontRcvResponse","certId":"69629715588","encoding":"UTF-8","acqInsCode":"01040826","version":"5.1.0","accessType":"0","txnTime":"20200718104413","merId":"709034470110011","currencyCode":"156","signMethod":"01","txnAmt":"6000"}
2020-07-18 10:44:13,694:INFO http-nio-9445-exec-1 (SecurePayUtil.java:152) - -----------------------结束 打印Map-----------------------

2020-07-18 10:44:13,695:INFO http-nio-9445-exec-1 (SecurePayServiceImpl.java:180) - -----------------------银联返回页面为：-----------------------
<html><head><meta http-equiv="Content-Type" content="text/html; charset=UTF-8"/></head><body><form id = "pay_form" action="https://gateway.test.95516.com/gateway/api/frontTransReq.do" method="post"><input type="hidden" name="bizType" id="bizType" value="000201"/><input type="hidden" name="txnSubType" id="txnSubType" value="01"/><input type="hidden" name="orderId" id="orderId" value="1234567896632"/><input type="hidden" name="backUrl" id="backUrl" value="http://121.36.85.118:9445/backRcvResponse"/><input type="hidden" name="signature" id="signature" value="UNHEh5YybempfWA8YnN25CkTyrurGhJ6Ev5icgc1JR2UInLDhdFkONwzMy1daAC2QHbknetEPS/UCAgHyNDFH+1cY808PM26l4w+M/FuFtTrXPOW2mj0Wu6ABzIysg3hMEy2Tkh0lXpFjNPEGHQebk3ImCTPNld90Rve456Ax1wJP2ahd8Rn8CiuMUXK+2jcSAQNuhFevLV6NLGqH9Bt2rqKldcKswLuoEoM/CEF8VPzE2VkJDpxucGr1i8ugZd41CI83ENwovCdjM+6kwDZ+Hde3Koo8Lhy/vDiSZ0GKS6RVpHhWhPg3ZE9ScGIWOTmHO9jGaaq+4TQwOn4RPNxDg=="/><input type="hidden" name="txnType" id="txnType" value="01"/><input type="hidden" name="channelType" id="channelType" value="07"/><input type="hidden" name="frontUrl" id="frontUrl" value="http://121.36.85.118:9445/frontRcvResponse"/><input type="hidden" name="certId" id="certId" value="69629715588"/><input type="hidden" name="encoding" id="encoding" value="UTF-8"/><input type="hidden" name="acqInsCode" id="acqInsCode" value="01040826"/><input type="hidden" name="version" id="version" value="5.1.0"/><input type="hidden" name="accessType" id="accessType" value="0"/><input type="hidden" name="txnTime" id="txnTime" value="20200718104413"/><input type="hidden" name="merId" id="merId" value="709034470110011"/><input type="hidden" name="currencyCode" id="currencyCode" value="156"/><input type="hidden" name="signMethod" id="signMethod" value="01"/><input type="hidden" name="txnAmt" id="txnAmt" value="6000"/></form></body><script type="text/javascript">document.all.pay_form.submit();</script></html>
2020-07-18 10:44:13,695:INFO http-nio-9445-exec-1 (SecurePayController.java:41) - -----------------------结束SecurePay 消费接口-----------------------
2020-07-18 10:44:13,696:INFO http-nio-9445-exec-1 (SecurePayController.java:45) - -----------------------重定向至银联支付页面完成-----------------------
2020-07-18 10:44:39,780:INFO http-nio-9445-exec-2 (BackRcvController.java:39) - -----------------------接收backRcvResponse请求-----------------------
2020-07-18 10:44:39,828:INFO http-nio-9445-exec-2 (BackRecvServiceImpl.java:64) - -----------------------验签成功-----------------------
2020-07-18 10:44:39,828:INFO http-nio-9445-exec-2 (BackRecvServiceImpl.java:102) - -----------------------交易成功-----------------------
2020-07-18 10:44:39,878:INFO http-nio-9445-exec-2 (BackRecvServiceImpl.java:116) - -----------------------backRcvResponse更新unpy_tran表交易状态成功-----------------------
2020-07-18 10:44:39,878:INFO http-nio-9445-exec-2 (BackRcvController.java:46) - -----------------------结束backRcvResponse请求-----------------------
2020-07-18 10:44:41,698:INFO http-nio-9445-exec-3 (FrontRcvController.java:37) - -----------------------接收frontRcvResponse请求-----------------------
2020-07-18 10:44:41,698:INFO http-nio-9445-exec-3 (FrontRecvServiceImpl.java:43) - -----------------------开始进行frontRcvResponse业务处理-----------------------
2020-07-18 10:44:41,698:INFO http-nio-9445-exec-3 (FrontRecvServiceImpl.java:47) - -----------------------获取第三方接口地址-----------------------
2020-07-18 10:44:41,703:INFO http-nio-9445-exec-3 (FrontRecvServiceImpl.java:55) - -----------------------初始化返回页面-----------------------
2020-07-18 10:44:41,703:INFO http-nio-9445-exec-3 (FrontRecvServiceImpl.java:59) - -----------------------初始化返回信息-----------------------
2020-07-18 10:44:41,717:INFO http-nio-9445-exec-3 (FrontRecvServiceImpl.java:98) - -----------------------银联返回报文 验签成功-----------------------
2020-07-18 10:44:41,717:INFO http-nio-9445-exec-3 (FrontRecvServiceImpl.java:138) - -----------------------更新交易状态-----------------------
2020-07-18 10:44:41,724:INFO http-nio-9445-exec-3 (FrontRecvServiceImpl.java:151) - -----------------------更新unpy_tran表-----------------------
2020-07-18 10:44:41,737:INFO http-nio-9445-exec-3 (FrontRecvServiceImpl.java:180) - -----------------------返回页面为-----------------------
<html><head><meta http-equiv="Content-Type" content="text/html; charset=UTF-8"/></head><body><form id="pay_form" action="http://121.36.85.118:8080/test" method="post"><input type="hidden" name="respcd" id="respcd" value="0000"/><input type="hidden" name="resptx" id="resptx" value="success"/><input type="hidden" name="orderId" id="orderId" value="1234567896632"/><input type="hidden" name="txnTime" id="txnTime" value="20200718104413"/><input type="hidden" name="txnAmt" id="txnAmt" value="6000"/></form></body><script type="text/javascript">document.all.pay_form.submit();</script></html>
2020-07-18 10:44:41,737:INFO http-nio-9445-exec-3 (FrontRcvController.java:41) - -----------------------已转发至第三方接口-----------------------
